app/build/intermediates/manifest_merge_blame_file/release/manifest-merger-blame-release-report.txt
1<?xml version="1.0" encoding="utf-8"?>
2<manifest xmlns:android="http://schemas.android.com/apk/res/android"
3    package="lolka.example.firstlesson"
4    android:versionCode="2"
5    android:versionName="2.0" >
6
7    <uses-sdk
8        android:minSdkVersion="23"
8-->src\main\AndroidManifest.xml
9        android:targetSdkVersion="32" />
9-->src\main\AndroidManifest.xml
10
11    <uses-permission android:name="android.permission.INTERNET" />
11-->src\main\AndroidManifest.xml:5:5-66
11-->src\main\AndroidManifest.xml:5:22-64
12    <uses-permission android:name="android.permission.WRITE_EXTERNAL_STORAGE" />
12-->src\main\AndroidManifest.xml:6:5-81
12-->src\main\AndroidManifest.xml:6:22-78
13
14    <application
14-->src\main\AndroidManifest.xml:8:5-26:19
15        android:name="lolka.example.PsyPath.App.App"
15-->src\main\AndroidManifest.xml:10:9-53
16        android:allowBackup="true"
16-->src\main\AndroidManifest.xml:9:9-35
17        android:appComponentFactory="androidx.core.app.CoreComponentFactory"
17-->[androidx.core:core:1.7.0] AndroidManifest.xml:24:18-86
18        android:extractNativeLibs="false"
19        android:icon="@mipmap/ic_launcher"
19-->src\main\AndroidManifest.xml:11:9-43
20        android:label="@string/app_name"
20-->src\main\AndroidManifest.xml:12:9-41
21        android:roundIcon="@mipmap/ic_launcher_round"
21-->src\main\AndroidManifest.xml:13:9-54
22        android:supportsRtl="true"
22-->src\main\AndroidManifest.xml:14:9-35
23        android:theme="@style/Theme.FirstLesson"
23-->src\main\AndroidManifest.xml:16:9-49
24        android:usesCleartextTraffic="true" >
24-->src\main\AndroidManifest.xml:15:9-44
25        <activity
25-->src\main\AndroidManifest.xml:17:9-25:20
26            android:name="lolka.example.PsyPath.presentation.MainActivity"
26-->src\main\AndroidManifest.xml:18:13-75
27            android:exported="true" >
27-->src\main\AndroidManifest.xml:19:13-36
28            <intent-filter>
28-->src\main\AndroidManifest.xml:20:13-24:29
29                <action android:name="android.intent.action.MAIN" />
29-->src\main\AndroidManifest.xml:21:17-69
29-->src\main\AndroidManifest.xml:21:25-66
30
31                <category android:name="android.intent.category.LAUNCHER" />
31-->src\main\AndroidManifest.xml:23:17-77
31-->src\main\AndroidManifest.xml:23:27-74
32            </intent-filter>
33        </activity>
34
35        <uses-library
35-->[androidx.window:window:1.0.0] AndroidManifest.xml:25:9-27:40
36            android:name="androidx.window.extensions"
36-->[androidx.window:window:1.0.0] AndroidManifest.xml:26:13-54
37            android:required="false" />
37-->[androidx.window:window:1.0.0] AndroidManifest.xml:27:13-37
38        <uses-library
38-->[androidx.window:window:1.0.0] AndroidManifest.xml:28:9-30:40
39            android:name="androidx.window.sidecar"
39-->[androidx.window:window:1.0.0] AndroidManifest.xml:29:13-51
40            android:required="false" />
40-->[androidx.window:window:1.0.0] AndroidManifest.xml:30:13-37
41
42        <service
42-->[androidx.room:room-runtime:2.3.0] AndroidManifest.xml:25:9-28:40
43            android:name="androidx.room.MultiInstanceInvalidationService"
43-->[androidx.room:room-runtime:2.3.0] AndroidManifest.xml:26:13-74
44            android:directBootAware="true"
44-->[androidx.room:room-runtime:2.3.0] AndroidManifest.xml:27:13-43
45            android:exported="false" />
45-->[androidx.room:room-runtime:2.3.0] AndroidManifest.xml:28:13-37
46
47        <provider
47-->[androidx.emoji2:emoji2:1.0.0] AndroidManifest.xml:26:9-34:20
48            android:name="androidx.startup.InitializationProvider"
48-->[androidx.emoji2:emoji2:1.0.0] AndroidManifest.xml:27:13-67
49            android:authorities="lolka.example.firstlesson.androidx-startup"
49-->[androidx.emoji2:emoji2:1.0.0] AndroidManifest.xml:28:13-68
50            android:exported="false" >
50-->[androidx.emoji2:emoji2:1.0.0] AndroidManifest.xml:29:13-37
51            <meta-data
51-->[androidx.emoji2:emoji2:1.0.0] AndroidManifest.xml:31:13-33:52
52                android:name="androidx.emoji2.text.EmojiCompatInitializer"
52-->[androidx.emoji2:emoji2:1.0.0] AndroidManifest.xml:32:17-75
53                android:value="androidx.startup" />
53-->[androidx.emoji2:emoji2:1.0.0] AndroidManifest.xml:33:17-49
54            <meta-data
54-->[androidx.lifecycle:lifecycle-process:2.4.0] AndroidManifest.xml:31:13-33:52
55                android:name="androidx.lifecycle.ProcessLifecycleInitializer"
55-->[androidx.lifecycle:lifecycle-process:2.4.0] AndroidManifest.xml:32:17-78
56                android:value="androidx.startup" />
56-->[androidx.lifecycle:lifecycle-process:2.4.0] AndroidManifest.xml:33:17-49
57        </provider>
58    </application>
59
60</manifest>